2020-05-07 18:31:26 [scrapy.core.scraper] ERROR: Spider error processing <GET https://www.spiegel.de/wissenschaft/medizin/coronavirus-wann-haben-wir-das-schlimmste-hinter-uns-a-25a43e7d-358d-4296-aa8a-c079a3abcde8> (referer: https://www.spiegel.de/wissenschaft/medizin/coronavirus-wie-sieht-die-zukunft-nach-dem-ausbruch-aus-a-4f1f91c6-eb02-4423-acbf-06fa25987914)
Traceback (most recent call last):
  File "/usr/local/lib/python3.7/site-packages/scrapy/utils/defer.py", line 117, in iter_errback
    yield next(it)
  File "/usr/local/lib/python3.7/site-packages/scrapy/utils/python.py", line 345, in __next__
    return next(self.data)
  File "/usr/local/lib/python3.7/site-packages/scrapy/utils/python.py", line 345, in __next__
    return next(self.data)
  File "/usr/local/lib/python3.7/site-packages/scrapy/core/spidermw.py", line 64, in _evaluate_iterable
    for r in iterable:
  File "/usr/local/lib/python3.7/site-packages/scrapy/spidermiddlewares/offsite.py", line 29, in process_spider_output
    for x in result:
  File "/usr/local/lib/python3.7/site-packages/scrapy/core/spidermw.py", line 64, in _evaluate_iterable
    for r in iterable:
  File "/usr/local/lib/python3.7/site-packages/scrapy/spidermiddlewares/referer.py", line 338, in <genexpr>
    return (_set_referer(r) for r in result or ())
  File "/usr/local/lib/python3.7/site-packages/scrapy/core/spidermw.py", line 64, in _evaluate_iterable
    for r in iterable:
  File "/usr/local/lib/python3.7/site-packages/scrapy/spidermiddlewares/urllength.py", line 37, in <genexpr>
    return (r for r in result or () if _filter(r))
  File "/usr/local/lib/python3.7/site-packages/scrapy/core/spidermw.py", line 64, in _evaluate_iterable
    for r in iterable:
  File "/usr/local/lib/python3.7/site-packages/scrapy/spidermiddlewares/depth.py", line 58, in <genexpr>
    return (r for r in result or () if _filter(r))
  File "/usr/local/lib/python3.7/site-packages/scrapy/core/spidermw.py", line 64, in _evaluate_iterable
    for r in iterable:
  File "/Users/oliver/Documents/development/news_ml/news_collector/news_collector/spiders/spiegel_news_spider.py", line 99, in parseArticle
    data = l.css('::text').get().strip('\n').replace(
AttributeError: 'NoneType' object has no attribute 'strip'
2020-05-07 18:31:26 [scrapy.core.scraper] ERROR: Spider error processing <GET https://www.spiegel.de/gesundheit/diagnose/coronavirus-kinder-nicht-mehr-zu-oma-und-opa-bringen-wie-schuetze-ich-gefaehrdete-personen-a-57989487-5608-4a4d-ac40-52d01ffe0233> (referer: https://www.spiegel.de/wissenschaft/medizin/coronavirus-wie-sieht-die-zukunft-nach-dem-ausbruch-aus-a-4f1f91c6-eb02-4423-acbf-06fa25987914)
Traceback (most recent call last):
  File "/usr/local/lib/python3.7/site-packages/scrapy/utils/defer.py", line 117, in iter_errback
    yield next(it)
  File "/usr/local/lib/python3.7/site-packages/scrapy/utils/python.py", line 345, in __next__
    return next(self.data)
  File "/usr/local/lib/python3.7/site-packages/scrapy/utils/python.py", line 345, in __next__
    return next(self.data)
  File "/usr/local/lib/python3.7/site-packages/scrapy/core/spidermw.py", line 64, in _evaluate_iterable
    for r in iterable:
  File "/usr/local/lib/python3.7/site-packages/scrapy/spidermiddlewares/offsite.py", line 29, in process_spider_output
    for x in result:
  File "/usr/local/lib/python3.7/site-packages/scrapy/core/spidermw.py", line 64, in _evaluate_iterable
    for r in iterable:
  File "/usr/local/lib/python3.7/site-packages/scrapy/spidermiddlewares/referer.py", line 338, in <genexpr>
    return (_set_referer(r) for r in result or ())
  File "/usr/local/lib/python3.7/site-packages/scrapy/core/spidermw.py", line 64, in _evaluate_iterable
    for r in iterable:
  File "/usr/local/lib/python3.7/site-packages/scrapy/spidermiddlewares/urllength.py", line 37, in <genexpr>
    return (r for r in result or () if _filter(r))
  File "/usr/local/lib/python3.7/site-packages/scrapy/core/spidermw.py", line 64, in _evaluate_iterable
    for r in iterable:
  File "/usr/local/lib/python3.7/site-packages/scrapy/spidermiddlewares/depth.py", line 58, in <genexpr>
    return (r for r in result or () if _filter(r))
  File "/usr/local/lib/python3.7/site-packages/scrapy/core/spidermw.py", line 64, in _evaluate_iterable
    for r in iterable:
  File "/Users/oliver/Documents/development/news_ml/news_collector/news_collector/spiders/spiegel_news_spider.py", line 81, in parseArticle
    article_item['kicker'] = article.xpath('//header/div/div/*[self::h1 or self::h2]/span[1]/text()').get().strip('\n').lower()
AttributeError: 'NoneType' object has no attribute 'strip'
